<?xml version="1.0" encoding="UTF-8"?><testsuite errors="0" failures="0" name="lab6.features.search.BooksterStory" skipped="0" tests="4" time="41.71" timestamp="2020-11-20 10:19:32"><testcase classname="lab6.features.search.BooksterStory" name="Non valid login"/><testcase classname="lab6.features.search.BooksterStory" name="Add a book to library"/><testcase classname="lab6.features.search.BooksterStory" name="Go to home page and login"/><testcase classname="lab6.features.search.BooksterStory" name="Add a book to wishlist"/></testsuite>