<?xml version="1.0" encoding="UTF-8"?><testsuite errors="0" failures="0" name="lab6.features.search.SearchByKeywordStory" skipped="1" tests="3" time="12.97" timestamp="2020-11-16 01:10:35"><testcase classname="lab6.features.search.SearchByKeywordStory" name="Searching by keyword banana should display the corresponding article"/><testcase classname="lab6.features.search.SearchByKeywordStory" name="Searching by ambiguious keyword should display the disambiguation page"><skipped/></testcase><testcase classname="lab6.features.search.SearchByKeywordStory" name="Searching by keyword apple should display the corresponding article"/></testsuite>