<?xml version="1.0" encoding="UTF-8"?><testsuite errors="1" failures="0" name="lab6.features.search.SearchByKeywordStory" skipped="0" tests="1" time="8.22" timestamp="2020-11-16 01:18:39"><testcase classname="lab6.features.search.SearchByKeywordStory" name="Searching by keyword apple should display the corresponding article"><error message="The following error occurred: Failed to decode response from marionette&#10;Build info: version: '3.141.59', revision: 'e82be7d358', time: '2018-11-14T08:17:03'&#10;System info: host: 'Ioanas-MacBook-Pro.local', ip: 'fe80:0:0:0:105d:8db4:99fb:37bf%en0', os.name: 'Mac OS X', os.arch: 'x86_64', os.version: '10.15.7', java.version: '15'&#10;Driver info: org.openqa.selenium.firefox.FirefoxDriver&#10;Capabilities {acceptInsecureCerts: true, browserName: firefox, browserVersion: 82.0.3, javascriptEnabled: true, moz:accessibilityChecks: false, moz:buildID: 20201108180448, moz:geckodriverVersion: 0.28.0, moz:headless: false, moz:processID: 60065, moz:profile: /var/folders/zj/wnpmbwqs4sn..., moz:shutdownTimeout: 60000, moz:useNonSpecCompliantPointerOrigin: false, moz:webdriverClick: true, pageLoadStrategy: normal, platform: MAC, platformName: MAC, platformVersion: 19.6.0, rotatable: false, setWindowRect: true, strictFileInteractability: false, timeouts: {implicit: 0, pageLoad: 300000, script: 30000}, unhandledPromptBehavior: dismiss and notify}&#10;Session ID: 86632c45-c874-3a4f-b83d-0cbe17b25d6a" type="org.openqa.selenium.WebDriverException">The following error occurred: Failed to decode response from marionette
Build info: version: '3.141.59', revision: 'e82be7d358', time: '2018-11-14T08:17:03'
System info: host: 'Ioanas-MacBook-Pro.local', ip: 'fe80:0:0:0:105d:8db4:99fb:37bf%en0', os.name: 'Mac OS X', os.arch: 'x86_64', os.version: '10.15.7', java.version: '15'
Driver info: org.openqa.selenium.firefox.FirefoxDriver
Capabilities {acceptInsecureCerts: true, browserName: firefox, browserVersion: 82.0.3, javascriptEnabled: true, moz:accessibilityChecks: false, moz:buildID: 20201108180448, moz:geckodriverVersion: 0.28.0, moz:headless: false, moz:processID: 60065, moz:profile: /var/folders/zj/wnpmbwqs4sn..., moz:shutdownTimeout: 60000, moz:useNonSpecCompliantPointerOrigin: false, moz:webdriverClick: true, pageLoadStrategy: normal, platform: MAC, platformName: MAC, platformVersion: 19.6.0, rotatable: false, setWindowRect: true, strictFileInteractability: false, timeouts: {implicit: 0, pageLoad: 300000, script: 30000}, unhandledPromptBehavior: dismiss and notify}
Session ID: 86632c45-c874-3a4f-b83d-0cbe17b25d6a</error><system-err>The following error occurred: Failed to decode response from marionette
Build info: version: '3.141.59', revision: 'e82be7d358', time: '2018-11-14T08:17:03'
System info: host: 'Ioanas-MacBook-Pro.local', ip: 'fe80:0:0:0:105d:8db4:99fb:37bf%en0', os.name: 'Mac OS X', os.arch: 'x86_64', os.version: '10.15.7', java.version: '15'
Driver info: org.openqa.selenium.firefox.FirefoxDriver
Capabilities {acceptInsecureCerts: true, browserName: firefox, browserVersion: 82.0.3, javascriptEnabled: true, moz:accessibilityChecks: false, moz:buildID: 20201108180448, moz:geckodriverVersion: 0.28.0, moz:headless: false, moz:processID: 60065, moz:profile: /var/folders/zj/wnpmbwqs4sn..., moz:shutdownTimeout: 60000, moz:useNonSpecCompliantPointerOrigin: false, moz:webdriverClick: true, pageLoadStrategy: normal, platform: MAC, platformName: MAC, platformVersion: 19.6.0, rotatable: false, setWindowRect: true, strictFileInteractability: false, timeouts: {implicit: 0, pageLoad: 300000, script: 30000}, unhandledPromptBehavior: dismiss and notify}
Session ID: 86632c45-c874-3a4f-b83d-0cbe17b25d6a
lab6.steps.serenity.EndUserSteps.is_the_home_page(EndUserSteps.java:33)
lab6.features.search.SearchByKeywordStory.searching_by_keyword_apple_should_display_the_corresponding_article(SearchByKeywordStory.java:27)
</system-err></testcase></testsuite>