<?xml version="1.0" encoding="UTF-8"?><testsuite errors="1" failures="0" name="lab6.features.search.BooksterStory" skipped="0" tests="1" time="16.99" timestamp="2020-11-18 04:04:46"><testcase classname="lab6.features.search.BooksterStory" name="Remove a book from wishlist"><error message="The following error occurred: TypeError: rect is undefined&#10;Build info: version: '3.141.59', revision: 'e82be7d358', time: '2018-11-14T08:17:03'&#10;System info: host: 'Ioanas-MacBook-Pro.local', ip: 'fe80:0:0:0:105d:8db4:99fb:37bf%en0', os.name: 'Mac OS X', os.arch: 'x86_64', os.version: '10.15.7', java.version: '15'&#10;Driver info: org.openqa.selenium.firefox.FirefoxDriver&#10;Capabilities {acceptInsecureCerts: true, browserName: firefox, browserVersion: 83.0, javascriptEnabled: true, moz:accessibilityChecks: false, moz:buildID: 20201112153044, moz:geckodriverVersion: 0.28.0, moz:headless: false, moz:processID: 78511, moz:profile: /var/folders/zj/wnpmbwqs4sn..., moz:shutdownTimeout: 60000, moz:useNonSpecCompliantPointerOrigin: false, moz:webdriverClick: true, pageLoadStrategy: normal, platform: MAC, platformName: MAC, platformVersion: 19.6.0, rotatable: false, setWindowRect: true, strictFileInteractability: false, timeouts: {implicit: 0, pageLoad: 300000, script: 30000}, unhandledPromptBehavior: dismiss and notify}&#10;Session ID: 9b5b97c3-dfe7-694e-b2d9-32a44ead7220" type="org.openqa.selenium.WebDriverException">The following error occurred: TypeError: rect is undefined
Build info: version: '3.141.59', revision: 'e82be7d358', time: '2018-11-14T08:17:03'
System info: host: 'Ioanas-MacBook-Pro.local', ip: 'fe80:0:0:0:105d:8db4:99fb:37bf%en0', os.name: 'Mac OS X', os.arch: 'x86_64', os.version: '10.15.7', java.version: '15'
Driver info: org.openqa.selenium.firefox.FirefoxDriver
Capabilities {acceptInsecureCerts: true, browserName: firefox, browserVersion: 83.0, javascriptEnabled: true, moz:accessibilityChecks: false, moz:buildID: 20201112153044, moz:geckodriverVersion: 0.28.0, moz:headless: false, moz:processID: 78511, moz:profile: /var/folders/zj/wnpmbwqs4sn..., moz:shutdownTimeout: 60000, moz:useNonSpecCompliantPointerOrigin: false, moz:webdriverClick: true, pageLoadStrategy: normal, platform: MAC, platformName: MAC, platformVersion: 19.6.0, rotatable: false, setWindowRect: true, strictFileInteractability: false, timeouts: {implicit: 0, pageLoad: 300000, script: 30000}, unhandledPromptBehavior: dismiss and notify}
Session ID: 9b5b97c3-dfe7-694e-b2d9-32a44ead7220</error><system-err>The following error occurred: TypeError: rect is undefined
Build info: version: '3.141.59', revision: 'e82be7d358', time: '2018-11-14T08:17:03'
System info: host: 'Ioanas-MacBook-Pro.local', ip: 'fe80:0:0:0:105d:8db4:99fb:37bf%en0', os.name: 'Mac OS X', os.arch: 'x86_64', os.version: '10.15.7', java.version: '15'
Driver info: org.openqa.selenium.firefox.FirefoxDriver
Capabilities {acceptInsecureCerts: true, browserName: firefox, browserVersion: 83.0, javascriptEnabled: true, moz:accessibilityChecks: false, moz:buildID: 20201112153044, moz:geckodriverVersion: 0.28.0, moz:headless: false, moz:processID: 78511, moz:profile: /var/folders/zj/wnpmbwqs4sn..., moz:shutdownTimeout: 60000, moz:useNonSpecCompliantPointerOrigin: false, moz:webdriverClick: true, pageLoadStrategy: normal, platform: MAC, platformName: MAC, platformVersion: 19.6.0, rotatable: false, setWindowRect: true, strictFileInteractability: false, timeouts: {implicit: 0, pageLoad: 300000, script: 30000}, unhandledPromptBehavior: dismiss and notify}
Session ID: 9b5b97c3-dfe7-694e-b2d9-32a44ead7220
lab6.pages.MyProfilePage.hoverAndClickElement(MyProfilePage.java:85)
lab6.pages.MyProfilePage.click_element_by_attribute_value(MyProfilePage.java:66)
lab6.pages.MyProfilePage.check_book_to_remove_from_wishlist(MyProfilePage.java:77)
lab6.steps.serenity.UserSteps.click_element_to_remove_from_wishlist(UserSteps.java:92)
lab6.features.search.BooksterStory.remove_a_book_from_wishlist(BooksterStory.java:98)
</system-err></testcase></testsuite>